<?xml version="1.0" encoding="UTF-8"?>
<testng-results ignored="0" total="2" passed="1" failed="1" skipped="0">
  <reporter-output>
  </reporter-output>
  <suite started-at="2023-04-13T20:11:36 ICT" name="Default suite" finished-at="2023-04-13T20:11:42 ICT" duration-ms="5961">
    <groups>
    </groups>
    <test started-at="2023-04-13T20:11:36 ICT" name="Default test" finished-at="2023-04-13T20:11:42 ICT" duration-ms="5961">
      <class name="TEST.TestDelete">
        <test-method is-config="true" signature="suiteSetUp()[pri:0, instance:TEST.TestDelete@12417468]" started-at="2023-04-13T20:11:36 ICT" name="suiteSetUp" finished-at="2023-04-13T20:11:38 ICT" duration-ms="2494" status="PASS">
          <reporter-output>
          </reporter-output>
        </test-method> <!-- suiteSetUp -->
        <test-method signature="FillLoginDetails(java.lang.String)[pri:0, instance:TEST.TestDelete@12417468]" started-at="2023-04-13T20:11:39 ICT" name="FillLoginDetails" description="Test Delete" data-provider="Authentication" finished-at="2023-04-13T20:11:40 ICT" duration-ms="1317" status="FAIL">
          <params>
            <param index="0">
              <value>
                <![CDATA[]]>
              </value>
            </param>
          </params>
          <exception class="java.lang.AssertionError">
            <message>
              <![CDATA[expected [true] but found [false]]]>
            </message>
            <full-stacktrace>
              <![CDATA[java.lang.AssertionError: expected [true] but found [false]
at org.testng.Assert.fail(Assert.java:99)
at org.testng.Assert.failNotEquals(Assert.java:1037)
at org.testng.Assert.assertTrue(Assert.java:45)
at org.testng.Assert.assertTrue(Assert.java:55)
at TEST.TestDelete.FillLoginDetails(TestDelete.java:121)
at java.base/jdk.internal.reflect.NativeMethodAccessorImpl.invoke0(Native Method)
at java.base/jdk.internal.reflect.NativeMethodAccessorImpl.invoke(NativeMethodAccessorImpl.java:77)
at java.base/jdk.internal.reflect.DelegatingMethodAccessorImpl.invoke(DelegatingMethodAccessorImpl.java:43)
at java.base/java.lang.reflect.Method.invoke(Method.java:568)
at org.testng.internal.MethodInvocationHelper.invokeMethod(MethodInvocationHelper.java:133)
at org.testng.internal.TestInvoker.invokeMethod(TestInvoker.java:598)
at org.testng.internal.TestInvoker.invokeTestMethod(TestInvoker.java:173)
at org.testng.internal.MethodRunner.runInSequence(MethodRunner.java:46)
at org.testng.internal.TestInvoker$MethodInvocationAgent.invoke(TestInvoker.java:824)
at org.testng.internal.TestInvoker.invokeTestMethods(TestInvoker.java:146)
at org.testng.internal.TestMethodWorker.invokeTestMethods(TestMethodWorker.java:146)
at org.testng.internal.TestMethodWorker.run(TestMethodWorker.java:128)
at java.base/java.util.ArrayList.forEach(ArrayList.java:1511)
at org.testng.TestRunner.privateRun(TestRunner.java:794)
at org.testng.TestRunner.run(TestRunner.java:596)
at org.testng.SuiteRunner.runTest(SuiteRunner.java:377)
at org.testng.SuiteRunner.runSequentially(SuiteRunner.java:371)
at org.testng.SuiteRunner.privateRun(SuiteRunner.java:332)
at org.testng.SuiteRunner.run(SuiteRunner.java:276)
at org.testng.SuiteRunnerWorker.runSuite(SuiteRunnerWorker.java:53)
at org.testng.SuiteRunnerWorker.run(SuiteRunnerWorker.java:96)
at org.testng.TestNG.runSuitesSequentially(TestNG.java:1212)
at org.testng.TestNG.runSuitesLocally(TestNG.java:1134)
at org.testng.TestNG.runSuites(TestNG.java:1063)
at org.testng.TestNG.run(TestNG.java:1031)
at org.testng.remote.AbstractRemoteTestNG.run(AbstractRemoteTestNG.java:115)
at org.testng.remote.RemoteTestNG.initAndRun(RemoteTestNG.java:251)
at org.testng.remote.RemoteTestNG.main(RemoteTestNG.java:77)
]]>
            </full-stacktrace>
          </exception> <!-- java.lang.AssertionError -->
          <reporter-output>
          </reporter-output>
        </test-method> <!-- FillLoginDetails -->
        <test-method is-config="true" signature="afterMethod(org.testng.ITestResult)[pri:0, instance:TEST.TestDelete@12417468]" started-at="2023-04-13T20:11:40 ICT" name="afterMethod" finished-at="2023-04-13T20:11:40 ICT" duration-ms="1" status="PASS">
          <params>
            <param index="0">
              <value>
                <![CDATA[[TestResult name=FillLoginDetails status=FAILURE method=TestDelete.FillLoginDetails(java.lang.String)[pri:0, instance:TEST.TestDelete@12417468] output={null}]]]>
              </value>
            </param>
          </params>
          <reporter-output>
          </reporter-output>
        </test-method> <!-- afterMethod -->
        <test-method signature="FillLoginDetails(java.lang.String)[pri:0, instance:TEST.TestDelete@12417468]" started-at="2023-04-13T20:11:40 ICT" name="FillLoginDetails" description="Test Delete" data-provider="Authentication" finished-at="2023-04-13T20:11:42 ICT" duration-ms="1244" status="PASS">
          <params>
            <param index="0">
              <value>
                <![CDATA[user100]]>
              </value>
            </param>
          </params>
          <reporter-output>
          </reporter-output>
        </test-method> <!-- FillLoginDetails -->
        <test-method is-config="true" signature="afterMethod(org.testng.ITestResult)[pri:0, instance:TEST.TestDelete@12417468]" started-at="2023-04-13T20:11:42 ICT" name="afterMethod" finished-at="2023-04-13T20:11:42 ICT" duration-ms="1" status="PASS">
          <params>
            <param index="0">
              <value>
                <![CDATA[[TestResult name=FillLoginDetails status=SUCCESS method=TestDelete.FillLoginDetails(java.lang.String)[pri:0, instance:TEST.TestDelete@12417468] output={null}]]]>
              </value>
            </param>
          </params>
          <reporter-output>
          </reporter-output>
        </test-method> <!-- afterMethod -->
        <test-method is-config="true" signature="suiteTearDown()[pri:0, instance:TEST.TestDelete@12417468]" started-at="2023-04-13T20:11:42 ICT" name="suiteTearDown" finished-at="2023-04-13T20:11:42 ICT" duration-ms="323" status="PASS">
          <reporter-output>
          </reporter-output>
        </test-method> <!-- suiteTearDown -->
      </class> <!-- TEST.TestDelete -->
    </test> <!-- Default test -->
  </suite> <!-- Default suite -->
</testng-results>
